<?xml version="1.0" encoding="UTF-8"?>
<!-- Generated by org.testng.reporters.JUnitReportReporter -->
<testsuite hostname="DESKTOP-2PR4HOQ" failures="0" tests="3" name="com.testings.AutomateWebapplication" time="148.007" errors="0" timestamp="2022-10-03T17:30:02 IST" skipped="0">
  <testcase classname="com.testings.AutomateWebapplication" name="signupform" time="67.552"/>
  <system-out/>
  <testcase classname="com.testings.AutomateWebapplication" name="Login" time="31.911"/>
  <system-out/>
  <testcase classname="com.testings.AutomateWebapplication" name="addToCart" time="48.544"/>
  <system-out/>
</testsuite> <!-- com.testings.AutomateWebapplication -->
